{"/home/christine/gov/src/constants/index.ts": {"path":"/home/christine/gov/src/constants/index.ts","statementMap":{"0":{"start":{"line":1,"column":0},"end":{"line":1,"column":28}},"1":{"start":{"line":2,"column":0},"end":{"line":2,"column":16}},"2":{"start":{"line":4,"column":13},"end":{"line":4,"column":53}},"3":{"start":{"line":5,"column":13},"end":{"line":5,"column":49}},"4":{"start":{"line":6,"column":13},"end":{"line":6,"column":65}},"5":{"start":{"line":7,"column":13},"end":{"line":7,"column":44}},"6":{"start":{"line":8,"column":13},"end":{"line":8,"column":45}},"7":{"start":{"line":10,"column":13},"end":{"line":16,"column":2}},"8":{"start":{"line":24,"column":0},"end":{"line":24,"column":null}},"9":{"start":{"line":25,"column":1},"end":{"line":25,"column":null}},"10":{"start":{"line":26,"column":1},"end":{"line":26,"column":null}},"11":{"start":{"line":27,"column":1},"end":{"line":27,"column":null}},"12":{"start":{"line":28,"column":1},"end":{"line":28,"column":null}},"13":{"start":{"line":29,"column":1},"end":{"line":29,"column":null}},"14":{"start":{"line":32,"column":0},"end":{"line":32,"column":null}},"15":{"start":{"line":33,"column":1},"end":{"line":33,"column":null}},"16":{"start":{"line":34,"column":1},"end":{"line":34,"column":null}},"17":{"start":{"line":35,"column":1},"end":{"line":35,"column":null}},"18":{"start":{"line":36,"column":1},"end":{"line":36,"column":null}},"19":{"start":{"line":39,"column":0},"end":{"line":39,"column":null}},"20":{"start":{"line":40,"column":1},"end":{"line":40,"column":null}},"21":{"start":{"line":41,"column":1},"end":{"line":41,"column":null}},"22":{"start":{"line":44,"column":0},"end":{"line":44,"column":null}},"23":{"start":{"line":45,"column":1},"end":{"line":45,"column":null}},"24":{"start":{"line":46,"column":1},"end":{"line":46,"column":null}},"25":{"start":{"line":47,"column":1},"end":{"line":47,"column":null}},"26":{"start":{"line":48,"column":1},"end":{"line":48,"column":null}},"27":{"start":{"line":49,"column":1},"end":{"line":49,"column":null}},"28":{"start":{"line":50,"column":1},"end":{"line":50,"column":null}},"29":{"start":{"line":51,"column":1},"end":{"line":51,"column":null}},"30":{"start":{"line":52,"column":1},"end":{"line":52,"column":null}}},"fnMap":{"0":{"name":"(anonymous_1)","decl":{"start":{"line":24,"column":0},"end":{"line":24,"column":12}},"loc":{"start":{"line":24,"column":28},"end":{"line":30,"column":1}}},"1":{"name":"(anonymous_2)","decl":{"start":{"line":32,"column":0},"end":{"line":32,"column":12}},"loc":{"start":{"line":32,"column":24},"end":{"line":37,"column":1}}},"2":{"name":"(anonymous_3)","decl":{"start":{"line":39,"column":0},"end":{"line":39,"column":12}},"loc":{"start":{"line":39,"column":16},"end":{"line":42,"column":1}}},"3":{"name":"(anonymous_4)","decl":{"start":{"line":44,"column":0},"end":{"line":44,"column":12}},"loc":{"start":{"line":44,"column":28},"end":{"line":53,"column":1}}}},"branchMap":{"0":{"loc":{"start":{"line":15,"column":10},"end":{"line":15,"column":45}},"type":"binary-expr","locations":[{"start":{"line":15,"column":10},"end":{"line":15,"column":37}},{"start":{"line":15,"column":41},"end":{"line":15,"column":45}}]},"1":{"loc":{"start":{"line":24,"column":12},"end":{"line":24,"column":null}},"type":"binary-expr","locations":[{"start":{"line":24,"column":12},"end":{"line":24,"column":28}},{"start":{"line":24,"column":28},"end":{"line":24,"column":null}}]},"2":{"loc":{"start":{"line":32,"column":12},"end":{"line":32,"column":null}},"type":"binary-expr","locations":[{"start":{"line":32,"column":12},"end":{"line":32,"column":24}},{"start":{"line":32,"column":24},"end":{"line":32,"column":null}}]},"3":{"loc":{"start":{"line":39,"column":12},"end":{"line":39,"column":null}},"type":"binary-expr","locations":[{"start":{"line":39,"column":12},"end":{"line":39,"column":16}},{"start":{"line":39,"column":16},"end":{"line":39,"column":null}}]},"4":{"loc":{"start":{"line":44,"column":12},"end":{"line":44,"column":null}},"type":"binary-expr","locations":[{"start":{"line":44,"column":12},"end":{"line":44,"column":28}},{"start":{"line":44,"column":28},"end":{"line":44,"column":null}}]}},"s":{"0":4,"1":4,"2":4,"3":4,"4":4,"5":4,"6":4,"7":4,"8":4,"9":4,"10":4,"11":4,"12":4,"13":4,"14":4,"15":4,"16":4,"17":4,"18":4,"19":4,"20":4,"21":4,"22":4,"23":4,"24":4,"25":4,"26":4,"27":4,"28":4,"29":4,"30":4},"f":{"0":4,"1":4,"2":4,"3":4},"b":{"0":[4,0],"1":[4,4],"2":[4,4],"3":[4,4],"4":[4,4]}}
,"/home/christine/gov/src/controller/auth/auth.controller.ts": {"path":"/home/christine/gov/src/controller/auth/auth.controller.ts","statementMap":{"0":{"start":{"line":2,"column":0},"end":{"line":2,"column":50}},"1":{"start":{"line":3,"column":0},"end":{"line":3,"column":61}},"2":{"start":{"line":4,"column":0},"end":{"line":4,"column":26}},"3":{"start":{"line":5,"column":0},"end":{"line":5,"column":28}},"4":{"start":{"line":6,"column":0},"end":{"line":6,"column":52}},"5":{"start":{"line":7,"column":0},"end":{"line":7,"column":51}},"6":{"start":{"line":8,"column":0},"end":{"line":8,"column":59}},"7":{"start":{"line":10,"column":15},"end":{"line":58,"column":2}},"8":{"start":{"line":10,"column":67},"end":{"line":58,"column":2}},"9":{"start":{"line":11,"column":23},"end":{"line":11,"column":27}},"10":{"start":{"line":12,"column":1},"end":{"line":57,"column":2}},"11":{"start":{"line":13,"column":30},"end":{"line":13,"column":38}},"12":{"start":{"line":14,"column":25},"end":{"line":14,"column":58}},"13":{"start":{"line":16,"column":15},"end":{"line":16,"column":56}},"14":{"start":{"line":18,"column":2},"end":{"line":23,"column":5}},"15":{"start":{"line":19,"column":3},"end":{"line":23,"column":5}},"16":{"start":{"line":25,"column":26},"end":{"line":25,"column":69}},"17":{"start":{"line":27,"column":2},"end":{"line":32,"column":5}},"18":{"start":{"line":28,"column":3},"end":{"line":32,"column":5}},"19":{"start":{"line":34,"column":27},"end":{"line":37,"column":4}},"20":{"start":{"line":39,"column":23},"end":{"line":39,"column":72}},"21":{"start":{"line":41,"column":2},"end":{"line":41,"column":35}},"22":{"start":{"line":43,"column":2},"end":{"line":43,"column":34}},"23":{"start":{"line":45,"column":22},"end":{"line":45,"column":70}},"24":{"start":{"line":47,"column":2},"end":{"line":54,"column":4}},"25":{"start":{"line":56,"column":2},"end":{"line":56,"column":63}},"26":{"start":{"line":60,"column":0},"end":{"line":60,"column":26}}},"fnMap":{"0":{"name":"(anonymous_8)","decl":{"start":{"line":10,"column":15},"end":{"line":10,"column":22}},"loc":{"start":{"line":10,"column":67},"end":{"line":58,"column":2}}},"1":{"name":"(anonymous_9)","decl":{"start":{"line":10,"column":67},"end":{"line":10,"column":null}},"loc":{"start":{"line":10,"column":67},"end":{"line":58,"column":1}}}},"branchMap":{"0":{"loc":{"start":{"line":18,"column":2},"end":{"line":23,"column":5}},"type":"if","locations":[{"start":{"line":18,"column":2},"end":{"line":23,"column":5}}]},"1":{"loc":{"start":{"line":27,"column":2},"end":{"line":32,"column":5}},"type":"if","locations":[{"start":{"line":27,"column":2},"end":{"line":32,"column":5}}]}},"s":{"0":1,"1":1,"2":1,"3":1,"4":1,"5":1,"6":1,"7":1,"8":4,"9":4,"10":4,"11":4,"12":4,"13":4,"14":3,"15":1,"16":2,"17":2,"18":1,"19":1,"20":1,"21":1,"22":1,"23":1,"24":1,"25":1,"26":1},"f":{"0":4,"1":4},"b":{"0":[1],"1":[1]}}
,"/home/christine/gov/src/database/data-source.ts": {"path":"/home/christine/gov/src/database/data-source.ts","statementMap":{"0":{"start":{"line":1,"column":0},"end":{"line":1,"column":24}},"1":{"start":{"line":2,"column":0},"end":{"line":2,"column":37}},"2":{"start":{"line":3,"column":0},"end":{"line":3,"column":40}},"3":{"start":{"line":5,"column":13},"end":{"line":17,"column":3}}},"fnMap":{},"branchMap":{},"s":{"0":1,"1":1,"2":1,"3":1},"f":{},"b":{}}
,"/home/christine/gov/src/entities/user.entity.ts": {"path":"/home/christine/gov/src/entities/user.entity.ts","statementMap":{"0":{"start":{"line":1,"column":0},"end":{"line":1,"column":null}},"1":{"start":{"line":8,"column":0},"end":{"line":8,"column":36}},"2":{"start":{"line":11,"column":7},"end":{"line":49,"column":null}},"3":{"start":{"line":11,"column":13},"end":{"line":11,"column":17}},"4":{"start":{"line":13,"column":1},"end":{"line":13,"column":null}},"5":{"start":{"line":16,"column":1},"end":{"line":16,"column":null}},"6":{"start":{"line":19,"column":1},"end":{"line":19,"column":null}},"7":{"start":{"line":22,"column":1},"end":{"line":22,"column":null}},"8":{"start":{"line":25,"column":1},"end":{"line":25,"column":null}},"9":{"start":{"line":28,"column":1},"end":{"line":28,"column":null}},"10":{"start":{"line":31,"column":1},"end":{"line":31,"column":null}},"11":{"start":{"line":45,"column":1},"end":{"line":45,"column":null}},"12":{"start":{"line":33,"column":19},"end":{"line":33,"column":23}},"13":{"start":{"line":33,"column":35},"end":{"line":33,"column":48}},"14":{"start":{"line":48,"column":1},"end":{"line":48,"column":null}},"15":{"start":{"line":47,"column":19},"end":{"line":47,"column":23}},"16":{"start":{"line":47,"column":35},"end":{"line":47,"column":48}},"17":{"start":{"line":11,"column":13},"end":{"line":49,"column":null}}},"fnMap":{"0":{"name":"(anonymous_2)","decl":{"start":{"line":33,"column":13},"end":{"line":33,"column":16}},"loc":{"start":{"line":33,"column":19},"end":{"line":33,"column":23}}},"1":{"name":"(anonymous_3)","decl":{"start":{"line":33,"column":25},"end":{"line":33,"column":26}},"loc":{"start":{"line":33,"column":35},"end":{"line":33,"column":48}}},"2":{"name":"(anonymous_4)","decl":{"start":{"line":47,"column":13},"end":{"line":47,"column":16}},"loc":{"start":{"line":47,"column":19},"end":{"line":47,"column":23}}},"3":{"name":"(anonymous_5)","decl":{"start":{"line":47,"column":25},"end":{"line":47,"column":26}},"loc":{"start":{"line":47,"column":35},"end":{"line":47,"column":48}}}},"branchMap":{},"s":{"0":1,"1":1,"2":1,"3":1,"4":1,"5":1,"6":1,"7":1,"8":1,"9":1,"10":1,"11":1,"12":0,"13":0,"14":1,"15":0,"16":0,"17":1},"f":{"0":0,"1":0,"2":0,"3":0},"b":{}}
,"/home/christine/gov/src/services/jwt.service.ts": {"path":"/home/christine/gov/src/services/jwt.service.ts","statementMap":{"0":{"start":{"line":1,"column":0},"end":{"line":1,"column":43}},"1":{"start":{"line":2,"column":0},"end":{"line":2,"column":null}},"2":{"start":{"line":10,"column":28},"end":{"line":13,"column":3}},"3":{"start":{"line":11,"column":1},"end":{"line":13,"column":3}},"4":{"start":{"line":15,"column":29},"end":{"line":18,"column":3}},"5":{"start":{"line":16,"column":1},"end":{"line":18,"column":3}},"6":{"start":{"line":20,"column":20},"end":{"line":21,"column":50}},"7":{"start":{"line":21,"column":1},"end":{"line":21,"column":50}},"8":{"start":{"line":23,"column":0},"end":{"line":23,"column":74}}},"fnMap":{"0":{"name":"(anonymous_9)","decl":{"start":{"line":10,"column":28},"end":{"line":10,"column":29}},"loc":{"start":{"line":11,"column":1},"end":{"line":13,"column":3}}},"1":{"name":"(anonymous_10)","decl":{"start":{"line":15,"column":29},"end":{"line":15,"column":30}},"loc":{"start":{"line":16,"column":1},"end":{"line":18,"column":3}}},"2":{"name":"(anonymous_11)","decl":{"start":{"line":20,"column":20},"end":{"line":20,"column":21}},"loc":{"start":{"line":21,"column":1},"end":{"line":21,"column":50}}}},"branchMap":{},"s":{"0":1,"1":1,"2":1,"3":0,"4":1,"5":0,"6":1,"7":0,"8":1},"f":{"0":0,"1":0,"2":0},"b":{}}
,"/home/christine/gov/src/utils/response.util.ts": {"path":"/home/christine/gov/src/utils/response.util.ts","statementMap":{"0":{"start":{"line":2,"column":0},"end":{"line":2,"column":48}},"1":{"start":{"line":6,"column":2},"end":{"line":9,"column":5}},"2":{"start":{"line":13,"column":2},"end":{"line":16,"column":5}},"3":{"start":{"line":20,"column":2},"end":{"line":23,"column":5}},"4":{"start":{"line":4,"column":0},"end":{"line":4,"column":13}}},"fnMap":{"0":{"name":"(anonymous_0)","decl":{"start":{"line":5,"column":1},"end":{"line":5,"column":7}},"loc":{"start":{"line":5,"column":66},"end":{"line":10,"column":2}}},"1":{"name":"(anonymous_1)","decl":{"start":{"line":12,"column":1},"end":{"line":12,"column":7}},"loc":{"start":{"line":12,"column":69},"end":{"line":17,"column":2}}},"2":{"name":"(anonymous_2)","decl":{"start":{"line":19,"column":1},"end":{"line":19,"column":7}},"loc":{"start":{"line":19,"column":61},"end":{"line":24,"column":2}}}},"branchMap":{},"s":{"0":1,"1":0,"2":0,"3":0,"4":1},"f":{"0":0,"1":0,"2":0},"b":{}}
}
