TN:
SF:src/constants/index.ts
FN:24,(anonymous_1)
FN:32,(anonymous_2)
FN:39,(anonymous_3)
FN:44,(anonymous_4)
FNF:4
FNH:4
FNDA:4,(anonymous_1)
FNDA:4,(anonymous_2)
FNDA:4,(anonymous_3)
FNDA:4,(anonymous_4)
DA:1,4
DA:2,4
DA:4,4
DA:5,4
DA:6,4
DA:7,4
DA:8,4
DA:10,4
DA:24,4
DA:25,4
DA:26,4
DA:27,4
DA:28,4
DA:29,4
DA:32,4
DA:33,4
DA:34,4
DA:35,4
DA:36,4
DA:39,4
DA:40,4
DA:41,4
DA:44,4
DA:45,4
DA:46,4
DA:47,4
DA:48,4
DA:49,4
DA:50,4
DA:51,4
DA:52,4
LF:31
LH:31
BRDA:15,0,0,4
BRDA:15,0,1,0
BRDA:24,1,0,4
BRDA:24,1,1,4
BRDA:32,2,0,4
BRDA:32,2,1,4
BRDA:39,3,0,4
BRDA:39,3,1,4
BRDA:44,4,0,4
BRDA:44,4,1,4
BRF:10
BRH:9
end_of_record
TN:
SF:src/controller/auth/auth.controller.ts
FN:10,(anonymous_8)
FN:10,(anonymous_9)
FNF:2
FNH:2
FNDA:4,(anonymous_8)
FNDA:4,(anonymous_9)
DA:2,1
DA:3,1
DA:4,1
DA:5,1
DA:6,1
DA:7,1
DA:8,1
DA:10,4
DA:11,4
DA:12,4
DA:13,4
DA:14,4
DA:16,4
DA:18,3
DA:19,1
DA:25,2
DA:27,2
DA:28,1
DA:34,1
DA:39,1
DA:41,1
DA:43,1
DA:45,1
DA:47,1
DA:56,1
DA:60,1
LF:26
LH:26
BRDA:18,0,0,1
BRDA:27,1,0,1
BRF:2
BRH:2
end_of_record
TN:
SF:src/database/data-source.ts
FNF:0
FNH:0
DA:1,1
DA:2,1
DA:3,1
DA:5,1
LF:4
LH:4
BRF:0
BRH:0
end_of_record
TN:
SF:src/entities/user.entity.ts
FN:33,(anonymous_2)
FN:33,(anonymous_3)
FN:47,(anonymous_4)
FN:47,(anonymous_5)
FNF:4
FNH:0
FNDA:0,(anonymous_2)
FNDA:0,(anonymous_3)
FNDA:0,(anonymous_4)
FNDA:0,(anonymous_5)
DA:1,1
DA:8,1
DA:11,1
DA:13,1
DA:16,1
DA:19,1
DA:22,1
DA:25,1
DA:28,1
DA:31,1
DA:33,0
DA:45,1
DA:47,0
DA:48,1
LF:14
LH:12
BRF:0
BRH:0
end_of_record
TN:
SF:src/services/jwt.service.ts
FN:10,(anonymous_9)
FN:15,(anonymous_10)
FN:20,(anonymous_11)
FNF:3
FNH:0
FNDA:0,(anonymous_9)
FNDA:0,(anonymous_10)
FNDA:0,(anonymous_11)
DA:1,1
DA:2,1
DA:10,1
DA:11,0
DA:15,1
DA:16,0
DA:20,1
DA:21,0
DA:23,1
LF:9
LH:6
BRF:0
BRH:0
end_of_record
TN:
SF:src/utils/response.util.ts
FN:5,(anonymous_0)
FN:12,(anonymous_1)
FN:19,(anonymous_2)
FNF:3
FNH:0
FNDA:0,(anonymous_0)
FNDA:0,(anonymous_1)
FNDA:0,(anonymous_2)
DA:2,1
DA:4,1
DA:6,0
DA:13,0
DA:20,0
LF:5
LH:2
BRF:0
BRH:0
end_of_record
